<?xml version="1.0" encoding="UTF-8"?>
<!-- Generated by org.testng.reporters.JUnitXMLReporter -->
<testsuite ignored="0" hostname="suraj-PC" failures="0" tests="3" name="Test" time="50.779" errors="0" timestamp="2022-12-19T21:05:24 IST">
  <testcase classname="testpackage.TestActiTimeInvalidLogin" name="invalidLoginToActiTime" time="25.854"/>
  <testcase classname="testpackage.TestActiTimeValidLogin" name="testValidLogin" time="3.285"/>
  <testcase classname="testpackage.TestActiTimeLogout" name="logout" time="3.493"/>
</testsuite> <!-- Test -->
