<?xml version="1.0" encoding="UTF-8"?>
<testng-results ignored="0" total="3" passed="3" failed="0" skipped="0">
  <reporter-output>
    <line>
      <![CDATA[Test Start]]>
    </line>
    <line>
      <![CDATA[Test Start]]>
    </line>
    <line>
      <![CDATA[Test Start]]>
    </line>
  </reporter-output>
  <suite started-at="2022-12-19T21:04:33 IST" name="Suite" finished-at="2022-12-19T21:05:24 IST" duration-ms="50779">
    <groups>
    </groups>
    <test started-at="2022-12-19T21:04:33 IST" name="Test" finished-at="2022-12-19T21:05:24 IST" duration-ms="50779">
      <class name="testpackage.TestActiTimeInvalidLogin">
        <test-method is-config="true" signature="setUp()[pri:0, instance:testpackage.TestActiTimeInvalidLogin@6b8ca3c8]" started-at="2022-12-19T21:04:33 IST" name="setUp" finished-at="2022-12-19T21:04:42 IST" duration-ms="9115" status="PASS">
          <reporter-output>
          </reporter-output>
        </test-method> <!-- setUp -->
        <test-method signature="invalidLoginToActiTime()[pri:0, instance:testpackage.TestActiTimeInvalidLogin@6b8ca3c8]" started-at="2022-12-19T21:04:42 IST" name="invalidLoginToActiTime" finished-at="2022-12-19T21:05:08 IST" duration-ms="25854" status="PASS">
          <reporter-output>
            <line>
              <![CDATA[Test Start]]>
            </line>
          </reporter-output>
        </test-method> <!-- invalidLoginToActiTime -->
        <test-method is-config="true" signature="tearDown()[pri:0, instance:testpackage.TestActiTimeInvalidLogin@6b8ca3c8]" started-at="2022-12-19T21:05:08 IST" name="tearDown" finished-at="2022-12-19T21:05:09 IST" duration-ms="787" status="PASS">
          <reporter-output>
          </reporter-output>
        </test-method> <!-- tearDown -->
      </class> <!-- testpackage.TestActiTimeInvalidLogin -->
      <class name="testpackage.TestActiTimeValidLogin">
        <test-method is-config="true" signature="setUp()[pri:0, instance:testpackage.TestActiTimeValidLogin@29d89d5d]" started-at="2022-12-19T21:05:09 IST" name="setUp" finished-at="2022-12-19T21:05:12 IST" duration-ms="3270" status="PASS">
          <reporter-output>
          </reporter-output>
        </test-method> <!-- setUp -->
        <test-method signature="testValidLogin()[pri:0, instance:testpackage.TestActiTimeValidLogin@29d89d5d]" started-at="2022-12-19T21:05:12 IST" name="testValidLogin" finished-at="2022-12-19T21:05:16 IST" duration-ms="3285" status="PASS">
          <reporter-output>
            <line>
              <![CDATA[Test Start]]>
            </line>
          </reporter-output>
        </test-method> <!-- testValidLogin -->
        <test-method is-config="true" signature="tearDown()[pri:0, instance:testpackage.TestActiTimeValidLogin@29d89d5d]" started-at="2022-12-19T21:05:16 IST" name="tearDown" finished-at="2022-12-19T21:05:16 IST" duration-ms="625" status="PASS">
          <reporter-output>
          </reporter-output>
        </test-method> <!-- tearDown -->
      </class> <!-- testpackage.TestActiTimeValidLogin -->
      <class name="testpackage.TestActiTimeLogout">
        <test-method is-config="true" signature="setUp()[pri:0, instance:testpackage.TestActiTimeLogout@3514a4c0]" started-at="2022-12-19T21:05:16 IST" name="setUp" finished-at="2022-12-19T21:05:20 IST" duration-ms="3630" status="PASS">
          <reporter-output>
          </reporter-output>
        </test-method> <!-- setUp -->
        <test-method signature="logout()[pri:0, instance:testpackage.TestActiTimeLogout@3514a4c0]" started-at="2022-12-19T21:05:20 IST" name="logout" finished-at="2022-12-19T21:05:23 IST" duration-ms="3493" status="PASS">
          <reporter-output>
            <line>
              <![CDATA[Test Start]]>
            </line>
          </reporter-output>
        </test-method> <!-- logout -->
        <test-method is-config="true" signature="tearDown()[pri:0, instance:testpackage.TestActiTimeLogout@3514a4c0]" started-at="2022-12-19T21:05:23 IST" name="tearDown" finished-at="2022-12-19T21:05:24 IST" duration-ms="642" status="PASS">
          <reporter-output>
          </reporter-output>
        </test-method> <!-- tearDown -->
      </class> <!-- testpackage.TestActiTimeLogout -->
    </test> <!-- Test -->
  </suite> <!-- Suite -->
</testng-results>
